{"target": 0.8262969435790122, "params": {"w0": 0.7630828937395717, "w1": 80.19269130161031, "w2": 49.45683082968041, "w3": 59.25988833732059, "w4": 78.3492133997452, "w5": 45.38719028078253, "w6": 25.056023182996896, "w8": 3.602556667988077}, "datetime": {"datetime": "2019-10-12 20:46:52", "elapsed": 0.0, "delta": 0.0}}
{"target": 0.8243933792651892, "params": {"w0": 2.6843898010187117, "w1": 54.9894250743004, "w2": 71.13069965088465, "w3": 65.28042770782815, "w4": 33.570584986140375, "w5": 9.945226017942883, "w6": 14.407279965399677, "w8": 45.47967638598068}, "datetime": {"datetime": "2019-10-12 20:58:26", "elapsed": 693.622278, "delta": 693.622278}}
{"target": 0.8259589560781719, "params": {"w0": 2.133853535799155, "w1": 50.69115656359148, "w2": 93.80854177201195, "w3": 6.8674420662761015, "w4": 50.04116880980919, "w5": 76.25971253102342, "w6": 11.51514395104824, "w8": 27.42449596180152}, "datetime": {"datetime": "2019-10-12 21:09:44", "elapsed": 1372.317829, "delta": 678.695551}}
{"target": 0.824922725639657, "params": {"w0": 5.613262060431481, "w1": 15.631676882777597, "w2": 15.134680840053445, "w3": 9.256024425336383, "w4": 9.95756413337683, "w5": 76.52529506836142, "w6": 46.51398151431541, "w8": 5.776587500015051}, "datetime": {"datetime": "2019-10-12 21:22:39", "elapsed": 2147.487667, "delta": 775.169838}}
{"target": 0.8248799796326388, "params": {"w0": 8.72076282609243, "w1": 98.89639042337664, "w2": 91.50113962491912, "w3": 5.957777048400407, "w4": 78.9652861561079, "w5": 5.959746011299314, "w6": 38.29790969085624, "w8": 0.7987914792857986}, "datetime": {"datetime": "2019-10-12 21:37:59", "elapsed": 3067.022789, "delta": 919.535122}}
{"target": 0.8245161500426591, "params": {"w0": 1.3869119642145178, "w1": 93.29424114772647, "w2": 20.559596430173578, "w3": 79.45332943690923, "w4": 78.15582783820962, "w5": 73.01664941699708, "w6": 4.2828332918229295, "w8": 44.68295071649338}, "datetime": {"datetime": "2019-10-12 21:52:39", "elapsed": 3947.312066, "delta": 880.289277}}
{"target": 0.8251272758839775, "params": {"w0": 9.267402742211377, "w1": 13.433275822951227, "w2": 97.82252562445028, "w3": 78.87368982828684, "w4": 73.90412353999476, "w5": 72.36353181045111, "w6": 6.457344652567276, "w8": 5.587294393030562}, "datetime": {"datetime": "2019-10-12 22:05:10", "elapsed": 4697.529434, "delta": 750.217368}}
{"target": 0.8242796527289543, "params": {"w0": 9.103862303732575, "w1": 98.85390778526671, "w2": 97.26836306929613, "w3": 61.59872957438775, "w4": 10.263893671524922, "w5": 74.39968592245005, "w6": 48.64531452569814, "w8": 3.7997400622906463}, "datetime": {"datetime": "2019-10-12 22:17:07", "elapsed": 5415.289018, "delta": 717.759584}}
{"target": 0.8249399257763816, "params": {"w0": 3.1990844951411104, "w1": 12.994423738792953, "w2": 17.980025880398824, "w3": 7.670095341346665, "w4": 76.41600498876768, "w5": 9.051053909160013, "w6": 2.184720492247444, "w8": 42.64602979751704}, "datetime": {"datetime": "2019-10-12 22:29:04", "elapsed": 6132.344343, "delta": 717.055325}}
{"target": 0.8264384871260116, "params": {"w0": 3.1358682900280375, "w1": 15.398592007588823, "w2": 95.71697597406914, "w3": 6.487570277177697, "w4": 78.6107770897924, "w5": 73.39960119031421, "w6": 46.56260573520451, "w8": 27.34631539929067}, "datetime": {"datetime": "2019-10-12 22:40:56", "elapsed": 6844.49666, "delta": 712.152317}}
{"target": 0.8269365226654563, "params": {"w0": 1.6135157736422168, "w1": 12.988586999162578, "w2": 93.60153300193575, "w3": 11.346023859703411, "w4": 75.3503642883, "w5": 68.39029906662455, "w6": 48.88405868282341, "w8": 40.57200399568949}, "datetime": {"datetime": "2019-10-12 22:52:53", "elapsed": 7560.883644, "delta": 716.386984}}
{"target": 0.8256806696270409, "params": {"w0": 5.209055277934828, "w1": 98.67514338641405, "w2": 99.1078466353742, "w3": 9.982461026585197, "w4": 78.12550004125893, "w5": 79.49641854737501, "w6": 16.94430433538734, "w8": 43.020071457289575}, "datetime": {"datetime": "2019-10-12 23:04:46", "elapsed": 8274.028946, "delta": 713.145302}}
{"target": 0.8265980863271571, "params": {"w0": 9.268420154786092, "w1": 14.435165503850772, "w2": 97.23453052069874, "w3": 75.26090952587288, "w4": 79.53743943469692, "w5": 73.61343835091476, "w6": 43.845542040535335, "w8": 4.6094401691036015}, "datetime": {"datetime": "2019-10-12 23:16:42", "elapsed": 8990.037318, "delta": 716.008372}}
{"target": 0.8257850415053781, "params": {"w0": 9.988289512631416, "w1": 12.51441443082568, "w2": 99.05978318369415, "w3": 79.40727007382168, "w4": 71.95970920614022, "w5": 12.119881867127773, "w6": 44.33942113882071, "w8": 44.73770549450894}, "datetime": {"datetime": "2019-10-12 23:28:43", "elapsed": 9710.935686, "delta": 720.898368}}
{"target": 0.8260918531443056, "params": {"w0": 3.5856074060452925, "w1": 11.499785753834916, "w2": 96.42669421449784, "w3": 8.900347360344483, "w4": 71.15513285084259, "w5": 77.11347405162807, "w6": 49.62115987405129, "w8": 10.002991759143304}, "datetime": {"datetime": "2019-10-12 23:40:29", "elapsed": 10416.544699, "delta": 705.609013}}
{"target": 0.8271386572074785, "params": {"w0": 3.2617931394755892, "w1": 14.830919710960018, "w2": 19.71820262913198, "w3": 58.92619063348716, "w4": 79.328379329122, "w5": 78.2126506957539, "w6": 47.56786219348434, "w8": 48.0733551601093}, "datetime": {"datetime": "2019-10-12 23:52:27", "elapsed": 11134.954615, "delta": 718.409916}}
{"target": 0.826397927018935, "params": {"w0": 8.106158693248032, "w1": 10.742648443192607, "w2": 10.202087828641714, "w3": 52.69295129461547, "w4": 73.44037604034902, "w5": 77.84115825576686, "w6": 47.255773472182284, "w8": 17.913149337954327}, "datetime": {"datetime": "2019-10-13 00:04:50", "elapsed": 11878.309688, "delta": 743.355073}}
{"target": 0.8258078005070264, "params": {"w0": 7.077023071411017, "w1": 13.646054875352997, "w2": 19.839169546328513, "w3": 78.95685419659233, "w4": 76.82345794833435, "w5": 79.25021979338835, "w6": 49.787968433454935, "w8": 2.6200116922014405}, "datetime": {"datetime": "2019-10-13 00:17:06", "elapsed": 12613.960381, "delta": 735.650693}}
{"target": 0.8256662417256367, "params": {"w0": 6.578924190314143, "w1": 14.292296053875894, "w2": 14.738922377233996, "w3": 5.9056218480045235, "w4": 75.77052019136886, "w5": 79.78403692636364, "w6": 4.215542903061142, "w8": 47.97441736051729}, "datetime": {"datetime": "2019-10-13 00:29:32", "elapsed": 13359.945602, "delta": 745.985221}}
{"target": 0.8260729386018504, "params": {"w0": 9.405285781380558, "w1": 11.719629246911227, "w2": 92.74456761553043, "w3": 13.634157823920482, "w4": 78.98642986836403, "w5": 74.09696723268372, "w6": 39.94342756188393, "w8": 45.34438275306342}, "datetime": {"datetime": "2019-10-13 00:42:26", "elapsed": 14134.223307, "delta": 774.277705}}
{"target": 0.8262961266852384, "params": {"w0": 5.875929069045363, "w1": 16.575180395223857, "w2": 86.69486679965826, "w3": 5.81452688109937, "w4": 76.40378383581181, "w5": 79.87510688184291, "w6": 48.31582939055296, "w8": 45.428126408650314}, "datetime": {"datetime": "2019-10-13 00:55:19", "elapsed": 14907.33988, "delta": 773.116573}}
{"target": 0.8270471259748526, "params": {"w0": 8.538404622561119, "w1": 12.424764914371355, "w2": 93.15779313035833, "w3": 78.21759313815915, "w4": 76.61343169212066, "w5": 79.54861848564629, "w6": 49.272729923308724, "w8": 39.740090799893245}, "datetime": {"datetime": "2019-10-13 01:07:54", "elapsed": 15662.169766, "delta": 754.829886}}
{"target": 0.8270825165829727, "params": {"w0": 2.116799242553636, "w1": 10.027216460872394, "w2": 88.62098989051, "w3": 70.41600463173175, "w4": 79.02380198065289, "w5": 76.71783679798955, "w6": 42.24100200560941, "w8": 49.32992216360825}, "datetime": {"datetime": "2019-10-13 01:20:25", "elapsed": 16413.274991, "delta": 751.105225}}
{"target": 0.827080883107071, "params": {"w0": 2.988137858543328, "w1": 10.065023235475959, "w2": 12.47376930307012, "w3": 78.49002949949568, "w4": 75.85046839576707, "w5": 66.79831594758026, "w6": 43.55978714882023, "w8": 47.20234490798215}, "datetime": {"datetime": "2019-10-13 01:32:58", "elapsed": 17165.544545, "delta": 752.269554}}
{"target": 0.8261110692058563, "params": {"w0": 1.4350506707766886, "w1": 30.475145924980612, "w2": 16.387074447947374, "w3": 9.522802604818596, "w4": 78.45824814029872, "w5": 74.48670601330024, "w6": 48.43716209159909, "w8": 49.1876826754679}, "datetime": {"datetime": "2019-10-13 01:45:33", "elapsed": 17921.261581, "delta": 755.717036}}
{"target": 0.8265673716385451, "params": {"w0": 7.421056878164044, "w1": 29.45323725872481, "w2": 99.28720817198345, "w3": 78.30633449030248, "w4": 75.53887497982204, "w5": 78.89674694173208, "w6": 45.32709499720326, "w8": 46.13769313880286}, "datetime": {"datetime": "2019-10-13 01:57:55", "elapsed": 18663.247776, "delta": 741.986195}}
{"target": 0.8259719245978981, "params": {"w0": 8.683146446621372, "w1": 14.964978277975353, "w2": 98.86372831675382, "w3": 69.02006515259951, "w4": 73.40178269735492, "w5": 7.134680574198014, "w6": 49.46158544138096, "w8": 49.26102377528738}, "datetime": {"datetime": "2019-10-13 02:10:22", "elapsed": 19409.717217, "delta": 746.469441}}
{"target": 0.8258607291897114, "params": {"w0": 1.2612211853239907, "w1": 17.24455994944238, "w2": 97.18652356640138, "w3": 5.059586670254297, "w4": 78.77394702275387, "w5": 77.10170855978849, "w6": 41.25056719378056, "w8": 46.51492291276726}, "datetime": {"datetime": "2019-10-13 02:22:41", "elapsed": 20148.926171, "delta": 739.208954}}
{"target": 0.8265148553858346, "params": {"w0": 0.08940564877498058, "w1": 27.170498592770546, "w2": 12.89852355750529, "w3": 76.14410299657165, "w4": 78.5503943323913, "w5": 76.43459214079016, "w6": 49.823802610750946, "w8": 40.018451602789185}, "datetime": {"datetime": "2019-10-13 02:34:58", "elapsed": 20885.519158, "delta": 736.592987}}
{"target": 0.827643012429741, "params": {"w0": 3.167946338711288, "w1": 10.921227962116863, "w2": 92.71590247243668, "w3": 73.39319785090575, "w4": 77.61049995413593, "w5": 73.41823285447379, "w6": 47.77942948300913, "w8": 6.523006306767232}, "datetime": {"datetime": "2019-10-13 02:47:23", "elapsed": 21631.024451, "delta": 745.505293}}
{"target": 0.8259448982844517, "params": {"w0": 7.707197519099992, "w1": 10.806107581120507, "w2": 16.66601807176152, "w3": 73.98037253760577, "w4": 79.65357653656808, "w5": 79.37086273856346, "w6": 34.570553913144984, "w8": 0.6605378515068927}, "datetime": {"datetime": "2019-10-13 02:59:05", "elapsed": 22332.869316, "delta": 701.844865}}
{"target": 0.8268352715824705, "params": {"w0": 0.626668111517138, "w1": 27.242407727692015, "w2": 99.12964646716854, "w3": 77.82028562269295, "w4": 77.23442608591213, "w5": 79.96797786547708, "w6": 25.451495488488796, "w8": 48.95923838964006}, "datetime": {"datetime": "2019-10-13 03:10:43", "elapsed": 23031.290707, "delta": 698.421391}}
{"target": 0.8271548279461935, "params": {"w0": 2.3310647890404965, "w1": 14.764512576299989, "w2": 92.981406422284, "w3": 70.220478506273, "w4": 76.7554708378618, "w5": 79.63605886404831, "w6": 43.71759773262994, "w8": 43.21039991928192}, "datetime": {"datetime": "2019-10-13 03:22:24", "elapsed": 23732.220506, "delta": 700.929799}}
{"target": 0.8272311605471652, "params": {"w0": 2.7419905925377783, "w1": 13.658298788783998, "w2": 94.12588193506915, "w3": 65.08813312832841, "w4": 78.5899737440236, "w5": 71.6976746236588, "w6": 44.06667667781573, "w8": 49.99231136961591}, "datetime": {"datetime": "2019-10-13 03:34:10", "elapsed": 24438.258091, "delta": 706.037585}}
{"target": 0.8274932430009007, "params": {"w0": 1.3706296678228935, "w1": 12.432744669100089, "w2": 92.94912254333788, "w3": 77.08135066442102, "w4": 77.27812842205476, "w5": 59.43230636551847, "w6": 49.805554353697296, "w8": 49.96932148649681}, "datetime": {"datetime": "2019-10-13 03:45:51", "elapsed": 25139.46362, "delta": 701.205529}}
{"target": 0.8259556268038227, "params": {"w0": 6.755736970145385, "w1": 10.050747755715944, "w2": 97.93664961587105, "w3": 69.1004668670736, "w4": 76.541631220087, "w5": 77.86256713668108, "w6": 3.8196597655071605, "w8": 48.92983671356231}, "datetime": {"datetime": "2019-10-13 03:57:29", "elapsed": 25836.527377, "delta": 697.063757}}
{"target": 0.8272180525515797, "params": {"w0": 2.7912861747534876, "w1": 10.846193861341906, "w2": 97.09328058451705, "w3": 68.77475552806642, "w4": 78.56242077163854, "w5": 79.93340798149117, "w6": 41.78552228338821, "w8": 36.01253754746131}, "datetime": {"datetime": "2019-10-13 04:09:05", "elapsed": 26533.334294, "delta": 696.806917}}
{"target": 0.826467924473216, "params": {"w0": 7.084003198744915, "w1": 79.62816903813139, "w2": 96.55793072794685, "w3": 79.04961723928224, "w4": 69.32595950632735, "w5": 78.38745990906277, "w6": 47.826712401280595, "w8": 49.752092475337705}, "datetime": {"datetime": "2019-10-13 04:20:45", "elapsed": 27233.268113, "delta": 699.933819}}
{"target": 0.8262543337584286, "params": {"w0": 0.8080936208601242, "w1": 93.08120502072383, "w2": 89.84794065472327, "w3": 76.09418957253277, "w4": 79.77585209186391, "w5": 76.68415047102845, "w6": 49.307415292222224, "w8": 44.986305324246}, "datetime": {"datetime": "2019-10-13 04:32:24", "elapsed": 27931.614558, "delta": 698.346445}}
{"target": 0.827102334578696, "params": {"w0": 8.920472014454353, "w1": 23.514158763667588, "w2": 99.25667676188877, "w3": 76.21592093196537, "w4": 77.17059294648692, "w5": 74.88925960973644, "w6": 45.46346669975325, "w8": 1.9936939948246413}, "datetime": {"datetime": "2019-10-13 04:43:58", "elapsed": 28625.598465, "delta": 693.983907}}
{"target": 0.8264079494474771, "params": {"w0": 4.219621049061973, "w1": 10.400318052266536, "w2": 96.19137312619299, "w3": 79.29929527151693, "w4": 29.776814943210724, "w5": 78.55787678263955, "w6": 49.062207322975766, "w8": 35.88659938603962}, "datetime": {"datetime": "2019-10-13 04:55:32", "elapsed": 29320.319619, "delta": 694.721154}}
{"target": 0.8270945928674585, "params": {"w0": 5.684124175131057, "w1": 12.624119101662936, "w2": 70.18546814039479, "w3": 79.21256337063791, "w4": 79.363491476892, "w5": 71.95433252147468, "w6": 49.84501054410897, "w8": 46.436490568272006}, "datetime": {"datetime": "2019-10-13 05:07:10", "elapsed": 30018.191547, "delta": 697.871928}}
{"target": 0.8261428570212743, "params": {"w0": 7.451249124602758, "w1": 10.963466943052138, "w2": 95.01865607368472, "w3": 73.0795043423269, "w4": 78.63984388819803, "w5": 79.33884022263707, "w6": 8.003591284368927, "w8": 47.790721491786}, "datetime": {"datetime": "2019-10-13 05:18:52", "elapsed": 30720.133313, "delta": 701.941766}}
{"target": 0.8258366234464404, "params": {"w0": 8.054529636054573, "w1": 14.896260321226187, "w2": 94.23013991028137, "w3": 71.83090194643866, "w4": 76.56325295324909, "w5": 9.024194196634689, "w6": 48.9304673812079, "w8": 49.805621570259184}, "datetime": {"datetime": "2019-10-13 05:30:35", "elapsed": 31423.252874, "delta": 703.119561}}
{"target": 0.8268856642856423, "params": {"w0": 3.0734140354155457, "w1": 16.928852851746058, "w2": 60.0441111088733, "w3": 74.95094898444445, "w4": 78.05703097206909, "w5": 74.9042115659778, "w6": 48.651165376049846, "w8": 47.37500326273242}, "datetime": {"datetime": "2019-10-13 05:42:15", "elapsed": 32122.547347, "delta": 699.294473}}
{"target": 0.8262871623321238, "params": {"w0": 3.5652119099480526, "w1": 10.107230418973533, "w2": 92.115333289612, "w3": 77.05819285988602, "w4": 6.976697969747046, "w5": 77.04672228524296, "w6": 49.40873682098451, "w8": 40.07531120730658}, "datetime": {"datetime": "2019-10-13 05:53:48", "elapsed": 32816.457331, "delta": 693.909984}}
{"target": 0.8265788218309084, "params": {"w0": 4.809957960700633, "w1": 10.51004552611597, "w2": 89.65300548651122, "w3": 12.04510150816424, "w4": 78.49758465723224, "w5": 79.70688081787605, "w6": 49.95259262079305, "w8": 40.82757092184487}, "datetime": {"datetime": "2019-10-13 06:05:26", "elapsed": 33513.945653, "delta": 697.488322}}
{"target": 0.8269931374916318, "params": {"w0": 1.221606440385885, "w1": 10.02582614674253, "w2": 75.30695347322617, "w3": 77.10937006985864, "w4": 78.21820261449575, "w5": 79.28524614594139, "w6": 45.862958873040874, "w8": 45.25370445683256}, "datetime": {"datetime": "2019-10-13 06:17:08", "elapsed": 34216.387906, "delta": 702.442253}}
{"target": 0.8269853967229251, "params": {"w0": 5.140590221967908, "w1": 13.94570817150801, "w2": 91.25668736755946, "w3": 79.6252063229274, "w4": 77.88662622064285, "w5": 77.143803870331, "w6": 45.044974206724234, "w8": 0.3067132011312368}, "datetime": {"datetime": "2019-10-13 06:28:46", "elapsed": 34914.012089, "delta": 697.624183}}
{"target": 0.8261771216568459, "params": {"w0": 0.04966145406356537, "w1": 13.856115884371231, "w2": 87.47468222927989, "w3": 74.26248922506996, "w4": 76.0358259535816, "w5": 63.681934419313336, "w6": 48.47764973446693, "w8": 2.403134927545131}, "datetime": {"datetime": "2019-10-13 06:40:29", "elapsed": 35617.319457, "delta": 703.307368}}
{"target": 0.8273556171203259, "params": {"w0": 2.578302761736102, "w1": 48.22309311105858, "w2": 97.42372587047691, "w3": 78.62159806976666, "w4": 72.14099439779388, "w5": 77.55834934849138, "w6": 49.266462111446614, "w8": 48.36861260193888}, "datetime": {"datetime": "2019-10-13 06:52:16", "elapsed": 36323.75862, "delta": 706.439163}}
{"target": 0.8278079759135015, "params": {"w0": 6.058430980648939, "w1": 14.2888010723968, "w2": 99.90311047695229, "w3": 70.49505912223611, "w4": 78.51473969408502, "w5": 54.899935258593764, "w6": 47.668225850046696, "w8": 1.1086678532452932}, "datetime": {"datetime": "2019-10-13 07:04:01", "elapsed": 37028.718305, "delta": 704.959685}}
{"target": 0.8275067733968499, "params": {"w0": 9.971319472965783, "w1": 10.775309735155226, "w2": 98.62309396528151, "w3": 69.752990919351, "w4": 78.43205005388396, "w5": 73.09132322976487, "w6": 46.424978816339234, "w8": 4.425427873524418}, "datetime": {"datetime": "2019-10-13 07:15:32", "elapsed": 37720.374595, "delta": 691.65629}}
{"target": 0.8270245758323076, "params": {"w0": 5.065577968660157, "w1": 11.260277591442534, "w2": 96.8561611473106, "w3": 70.2288449408266, "w4": 79.34867108768339, "w5": 70.93583515177367, "w6": 48.82212866663107, "w8": 45.33243237917315}, "datetime": {"datetime": "2019-10-13 07:27:10", "elapsed": 38417.769013, "delta": 697.394418}}
{"target": 0.826860166170212, "params": {"w0": 4.525040589787098, "w1": 12.300478799763066, "w2": 99.43607068324201, "w3": 72.55468918003572, "w4": 78.50117930787262, "w5": 76.70148677921158, "w6": 29.754809391538682, "w8": 12.16014186112348}, "datetime": {"datetime": "2019-10-13 07:38:46", "elapsed": 39113.87475, "delta": 696.105737}}
{"target": 0.8264831741861804, "params": {"w0": 7.768817487060878, "w1": 12.104716071781345, "w2": 78.71283630112913, "w3": 71.56671760143247, "w4": 76.1497981846469, "w5": 79.09410960921713, "w6": 48.91864899469239, "w8": 0.5517612446633513}, "datetime": {"datetime": "2019-10-13 07:50:22", "elapsed": 39809.940526, "delta": 696.065776}}
{"target": 0.8267408539731682, "params": {"w0": 9.424643035284896, "w1": 13.586711219759778, "w2": 95.28169463904077, "w3": 79.53405988721693, "w4": 76.40183731972458, "w5": 77.83455737557867, "w6": 46.939361527550645, "w8": 46.01710238594041}, "datetime": {"datetime": "2019-10-13 08:02:02", "elapsed": 40510.170045, "delta": 700.229519}}
{"target": 0.827184824833502, "params": {"w0": 1.2623048577635665, "w1": 13.096276674860091, "w2": 96.04793270911038, "w3": 75.22234952045864, "w4": 63.3176169197143, "w5": 74.69030687357034, "w6": 48.15410823818107, "w8": 45.66425244477786}, "datetime": {"datetime": "2019-10-13 08:13:41", "elapsed": 41209.182808, "delta": 699.012763}}
{"target": 0.8272427843326284, "params": {"w0": 5.304013006483546, "w1": 18.54852329910894, "w2": 80.93153725270548, "w3": 66.67986654925897, "w4": 75.9181082415658, "w5": 79.29996926668704, "w6": 49.92933307660712, "w8": 3.702206045393097}, "datetime": {"datetime": "2019-10-13 08:25:15", "elapsed": 41903.299579, "delta": 694.116771}}
{"target": 0.827340517699277, "params": {"w0": 5.471228903291413, "w1": 16.288896776409736, "w2": 95.63826568684111, "w3": 75.01071533736905, "w4": 70.37090688734011, "w5": 78.74087176509252, "w6": 49.64133214708852, "w8": 1.950972869842249}, "datetime": {"datetime": "2019-10-13 08:36:57", "elapsed": 42604.937655, "delta": 701.638076}}
{"target": 0.8275687208930288, "params": {"w0": 6.557321049400958, "w1": 21.236737880020442, "w2": 96.27457332020758, "w3": 66.37931880905683, "w4": 78.4032867533182, "w5": 79.05473151717989, "w6": 49.95255342742548, "w8": 15.08619655492946}, "datetime": {"datetime": "2019-10-13 08:48:39", "elapsed": 43307.503782, "delta": 702.566127}}
{"target": 0.8269643965441109, "params": {"w0": 0.23839491521296496, "w1": 12.264430449318443, "w2": 92.14425305791437, "w3": 72.25543933349928, "w4": 76.94180274493694, "w5": 65.5737427633589, "w6": 46.44482696182835, "w8": 45.439583408666444}, "datetime": {"datetime": "2019-10-13 09:00:23", "elapsed": 44010.748214, "delta": 703.244432}}
{"target": 0.8266490274500595, "params": {"w0": 7.705298185855781, "w1": 18.887660300194078, "w2": 94.03895226227088, "w3": 79.04234512180457, "w4": 77.12212181505267, "w5": 79.32748544446832, "w6": 39.7146044938105, "w8": 3.0117804131610857}, "datetime": {"datetime": "2019-10-13 09:12:01", "elapsed": 44709.251497, "delta": 698.503283}}
{"target": 0.8263993541400664, "params": {"w0": 3.938385434024921, "w1": 13.456865326848256, "w2": 98.4460059619582, "w3": 71.33069279963716, "w4": 77.93921446622207, "w5": 8.382831626214475, "w6": 47.83397640533597, "w8": 48.97952383167564}, "datetime": {"datetime": "2019-10-13 09:23:46", "elapsed": 45413.585815, "delta": 704.334318}}
{"target": 0.8269992567440965, "params": {"w0": 1.6464486656348942, "w1": 14.318316163184164, "w2": 17.571706833941207, "w3": 73.22762384167996, "w4": 76.89316916406436, "w5": 71.2455823904059, "w6": 48.21622543045532, "w8": 48.95243301918455}, "datetime": {"datetime": "2019-10-13 09:35:32", "elapsed": 46119.546468, "delta": 705.960653}}
