{"target": 0.8273685075233085, "params": {"w0": 5.105732046107725, "w1": 11.885246485706395, "w2": 89.05059245183084, "w3": 79.550111325422, "w4": 77.21673950243647, "w5": 75.76577384775135, "w6": 47.49390714372467, "w8": 2.0029452471212297}, "datetime": {"datetime": "2019-10-13 09:47:07", "elapsed": 46815.437424, "delta": 695.890956}}
{"target": 0.8266227371716434, "params": {"w0": 0.9510221333148317, "w1": 22.664699918564366, "w2": 59.75493327972919, "w3": 69.52817246013338, "w4": 79.38501743660125, "w5": 77.15503221608164, "w6": 49.05681951120187, "w8": 0.9313822268356087}, "datetime": {"datetime": "2019-10-13 09:58:51", "elapsed": 47519.367155, "delta": 703.929731}}
{"target": 0.8270870773080888, "params": {"w0": 1.6252927103051051, "w1": 11.326908403034698, "w2": 62.63820055288165, "w3": 76.2297093476943, "w4": 77.2619963562166, "w5": 77.85350248045297, "w6": 49.153946016422566, "w8": 26.175103841113316}, "datetime": {"datetime": "2019-10-13 10:10:34", "elapsed": 48222.418784, "delta": 703.051629}}
{"target": 0.8275568725381971, "params": {"w0": 1.0126904498919986, "w1": 20.01929507640046, "w2": 96.91634484389559, "w3": 71.04039877391706, "w4": 75.05068319989064, "w5": 79.06197773501138, "w6": 44.529450476082815, "w8": 13.266808580331102}, "datetime": {"datetime": "2019-10-13 10:22:17", "elapsed": 48924.829071, "delta": 702.410287}}
{"target": 0.8266211559122968, "params": {"w0": 9.100903805197726, "w1": 73.49831594257509, "w2": 96.01597195670506, "w3": 73.35321953823009, "w4": 79.07027544803886, "w5": 79.90000741085063, "w6": 48.18572733366518, "w8": 48.69659623168573}, "datetime": {"datetime": "2019-10-13 10:34:05", "elapsed": 49633.186273, "delta": 708.357202}}
{"target": 0.8268339857165088, "params": {"w0": 0.9192637906796364, "w1": 11.924849616707123, "w2": 97.55317537010134, "w3": 79.08539165307393, "w4": 78.16119532597925, "w5": 78.43842924967258, "w6": 42.116529336347384, "w8": 39.22764316338229}, "datetime": {"datetime": "2019-10-13 10:45:49", "elapsed": 50336.706422, "delta": 703.520149}}
{"target": 0.8259418891375211, "params": {"w0": 0.5877682275959784, "w1": 10.6834148600767, "w2": 98.50891786625053, "w3": 7.8056243919656305, "w4": 75.67634859566253, "w5": 79.5760733949876, "w6": 48.81097399146205, "w8": 38.66253535258215}, "datetime": {"datetime": "2019-10-13 10:57:30", "elapsed": 51038.024824, "delta": 701.318402}}
{"target": 0.8268326495948954, "params": {"w0": 1.3088436764000855, "w1": 10.7575357908266, "w2": 16.890849808920706, "w3": 67.54810023485146, "w4": 79.38354756235609, "w5": 74.85937731238302, "w6": 47.15393985619226, "w8": 18.339278347633776}, "datetime": {"datetime": "2019-10-13 11:09:09", "elapsed": 51737.015609, "delta": 698.990785}}
